<?xml version="1.0" encoding="UTF-8"?>
<coverage generated="1589717182020" clover="3.2.0">
  <project timestamp="1589717182020" name="All files">
    <metrics statements="10" coveredstatements="10" conditionals="12" coveredconditionals="11" methods="1" coveredmethods="1" elements="23" coveredelements="22" complexity="0" loc="10" ncloc="10" packages="1" files="1" classes="1"/>
    <file name="app.js" path="C:\Users\E6440\FrogJump\app.js">
      <metrics statements="10" coveredstatements="10" conditionals="12" coveredconditionals="11" methods="1" coveredmethods="1"/>
      <line num="1" count="1" type="stmt"/>
      <line num="2" count="4" type="cond" truecount="5" falsecount="0"/>
      <line num="3" count="2" type="cond" truecount="4" falsecount="1"/>
      <line num="4" count="2" type="cond" truecount="2" falsecount="0"/>
      <line num="6" count="1" type="stmt"/>
      <line num="7" count="1" type="stmt"/>
      <line num="8" count="1" type="stmt"/>
      <line num="9" count="1" type="stmt"/>
      <line num="11" count="1" type="stmt"/>
      <line num="13" count="1" type="stmt"/>
    </file>
  </project>
</coverage>
