{"C:\\Users\\E6440\\FrogJump\\app.js": {"path":"C:\\Users\\E6440\\FrogJump\\app.js","statementMap":{"0":{"start":{"line":1,"column":18},"end":{"line":10,"column":1}},"1":{"start":{"line":2,"column":4},"end":{"line":2,"column":54}},"2":{"start":{"line":2,"column":42},"end":{"line":2,"column":54}},"3":{"start":{"line":3,"column":4},"end":{"line":3,"column":45}},"4":{"start":{"line":3,"column":33},"end":{"line":3,"column":45}},"5":{"start":{"line":4,"column":4},"end":{"line":4,"column":24}},"6":{"start":{"line":4,"column":15},"end":{"line":4,"column":24}},"7":{"start":{"line":6,"column":21},"end":{"line":6,"column":26}},"8":{"start":{"line":7,"column":15},"end":{"line":7,"column":40}},"9":{"start":{"line":8,"column":4},"end":{"line":8,"column":21}},"10":{"start":{"line":9,"column":4},"end":{"line":9,"column":16}},"11":{"start":{"line":11,"column":0},"end":{"line":11,"column":21}},"12":{"start":{"line":13,"column":0},"end":{"line":13,"column":27}}},"fnMap":{"0":{"name":"(anonymous_0)","decl":{"start":{"line":1,"column":18},"end":{"line":1,"column":19}},"loc":{"start":{"line":1,"column":31},"end":{"line":10,"column":1}},"line":1}},"branchMap":{"0":{"loc":{"start":{"line":2,"column":4},"end":{"line":2,"column":54}},"type":"if","locations":[{"start":{"line":2,"column":4},"end":{"line":2,"column":54}},{"start":{"line":2,"column":4},"end":{"line":2,"column":54}}],"line":2},"1":{"loc":{"start":{"line":2,"column":8},"end":{"line":2,"column":40}},"type":"binary-expr","locations":[{"start":{"line":2,"column":8},"end":{"line":2,"column":16}},{"start":{"line":2,"column":20},"end":{"line":2,"column":28}},{"start":{"line":2,"column":32},"end":{"line":2,"column":40}}],"line":2},"2":{"loc":{"start":{"line":3,"column":4},"end":{"line":3,"column":45}},"type":"if","locations":[{"start":{"line":3,"column":4},"end":{"line":3,"column":45}},{"start":{"line":3,"column":4},"end":{"line":3,"column":45}}],"line":3},"3":{"loc":{"start":{"line":3,"column":8},"end":{"line":3,"column":31}},"type":"binary-expr","locations":[{"start":{"line":3,"column":8},"end":{"line":3,"column":13}},{"start":{"line":3,"column":17},"end":{"line":3,"column":22}},{"start":{"line":3,"column":26},"end":{"line":3,"column":31}}],"line":3},"4":{"loc":{"start":{"line":4,"column":4},"end":{"line":4,"column":24}},"type":"if","locations":[{"start":{"line":4,"column":4},"end":{"line":4,"column":24}},{"start":{"line":4,"column":4},"end":{"line":4,"column":24}}],"line":4}},"s":{"0":1,"1":4,"2":2,"3":2,"4":0,"5":2,"6":1,"7":1,"8":1,"9":1,"10":1,"11":1,"12":1},"f":{"0":4},"b":{"0":[2,2],"1":[4,4,2],"2":[0,2],"3":[2,2,2],"4":[1,1]},"_coverageSchema":"1a1c01bbd47fc00a2c39e90264f33305004495a9","hash":"10261c181e6edaa793a40c6d2d0e9462ef16f0ef"}
}
